<?xml version="1.0" encoding="utf-8"?><testsuites name="pytest tests"><testsuite name="pytest" errors="0" failures="1" skipped="0" tests="41" time="62.015" timestamp="2026-04-25T14:01:05.804250+00:00" hostname="agent-env-345bc2c6-a7d8-4437-910d-37de23bd5c28"><testcase classname="backend.tests.test_iteration3.TestAntiGamingIntros" name="test_first_intro_billed_then_email_dup_suppressed" time="43.811" /><testcase classname="backend.tests.test_iteration3.TestAntiGamingIntros" name="test_oversight_reflects_suppressed_count" time="0.064" /><testcase classname="backend.tests.test_iteration3.TestEngagementsInferredConversion" name="test_engagements_record_and_increment_oversight" time="0.327" /><testcase classname="backend.tests.test_iteration3.TestEngagementsInferredConversion" name="test_engagement_unknown_intro_404" time="0.047" /><testcase classname="backend.tests.test_iteration3.TestConversionFraud" name="test_too_fast_is_suspicious" time="0.104" /><testcase classname="backend.tests.test_iteration3.TestDiscoveryQueue" name="test_post_discovery_creates_pending_row" time="0.049" /><testcase classname="backend.tests.test_iteration3.TestDiscoveryQueue" name="test_oversight_discovery_summary_present" time="0.060" /><testcase classname="backend.tests.test_iteration3.TestPricingStability" name="test_frozen_at_baseline" time="0.061" /><testcase classname="backend.tests.test_iteration3.TestOversightShapeIter3" name="test_full_shape" time="0.058" /><testcase classname="backend.tests.backend_test.TestConfig" name="test_root" time="0.156" /><testcase classname="backend.tests.backend_test.TestConfig" name="test_config" time="0.048" /><testcase classname="backend.tests.backend_test.TestMatch" name="test_match_returns_up_to_three" time="5.776" /><testcase classname="backend.tests.backend_test.TestMatch" name="test_match_short_description_validation" time="0.047" /><testcase classname="backend.tests.backend_test.TestTrainerDetail" name="test_get_published" time="0.049" /><testcase classname="backend.tests.backend_test.TestTrainerDetail" name="test_404_for_unknown" time="0.051" /><testcase classname="backend.tests.backend_test.TestIntrosConversions" name="test_intro_then_conversion_idempotent" time="0.052"><failure message="assert 0 &gt;= 300">backend/tests/backend_test.py:141: in test_intro_then_conversion_idempotent
    assert intro["intro_fee_cents"] &gt;= 300
E   assert 0 &gt;= 300</failure></testcase><testcase classname="backend.tests.backend_test.TestIntrosConversions" name="test_intro_for_unknown_trainer_404" time="0.048" /><testcase classname="backend.tests.backend_test.TestIntrosConversions" name="test_conversion_for_unknown_intro_404" time="0.047" /><testcase classname="backend.tests.backend_test.TestSubmissions" name="test_strong_evidence_auto_publishes" time="5.958" /><testcase classname="backend.tests.backend_test.TestSubmissions" name="test_weak_evidence_auto_holds" time="4.005" /><testcase classname="backend.tests.backend_test.TestSEO" name="test_nested_slug" time="0.101" /><testcase classname="backend.tests.backend_test.TestOversight" name="test_login_invalid" time="0.047" /><testcase classname="backend.tests.backend_test.TestOversight" name="test_login_valid" time="0.047" /><testcase classname="backend.tests.backend_test.TestOversight" name="test_oversight_requires_header" time="0.049" /><testcase classname="backend.tests.backend_test.TestOversight" name="test_oversight_with_header" time="0.065" /><testcase classname="backend.tests.backend_test.TestLegacyRemoved" name="test_endpoint_gone[/admin/login-POST]" time="0.047" /><testcase classname="backend.tests.backend_test.TestLegacyRemoved" name="test_endpoint_gone[/admin/trainers-GET]" time="0.049" /><testcase classname="backend.tests.backend_test.TestLegacyRemoved" name="test_endpoint_gone[/admin/leads-GET]" time="0.047" /><testcase classname="backend.tests.backend_test.TestLegacyRemoved" name="test_endpoint_gone[/admin/submissions-GET]" time="0.047" /><testcase classname="backend.tests.backend_test.TestLegacyRemoved" name="test_endpoint_gone[/admin/analytics-GET]" time="0.047" /><testcase classname="backend.tests.backend_test.TestLegacyRemoved" name="test_endpoint_gone[/admin/health-GET]" time="0.048" /><testcase classname="backend.tests.backend_test.TestLegacyRemoved" name="test_endpoint_gone[/admin/audit-log-GET]" time="0.047" /><testcase classname="backend.tests.backend_test.TestLegacyRemoved" name="test_endpoint_gone[/admin/seed-POST]" time="0.045" /><testcase classname="backend.tests.backend_test.TestLegacyRemoved" name="test_endpoint_gone[/admin/ab-tests-GET]" time="0.049" /><testcase classname="backend.tests.backend_test.TestLegacyRemoved" name="test_endpoint_gone[/admin/seo-GET]" time="0.044" /><testcase classname="backend.tests.backend_test.TestLegacyRemoved" name="test_endpoint_gone[/featured-GET]" time="0.044" /><testcase classname="backend.tests.backend_test.TestLegacyRemoved" name="test_endpoint_gone[/trainers-GET]" time="0.047" /><testcase classname="backend.tests.backend_test.TestLegacyRemoved" name="test_endpoint_gone[/leads-POST]" time="0.047" /><testcase classname="backend.tests.backend_test.TestLegacyRemoved" name="test_endpoint_gone[/suburbs-GET]" time="0.050" /><testcase classname="backend.tests.backend_test.TestLegacyRemoved" name="test_endpoint_gone[/categories-GET]" time="0.047" /><testcase classname="backend.tests.backend_test.TestLegacyRemoved" name="test_endpoint_gone[/stats/public-GET]" time="0.048" /></testsuite></testsuites>