<?xml version="1.0" encoding="utf-8"?><testsuites name="pytest tests"><testsuite name="pytest" errors="0" failures="0" skipped="0" tests="32" time="23.715" timestamp="2026-04-25T13:30:53.070019+00:00" hostname="agent-env-345bc2c6-a7d8-4437-910d-37de23bd5c28"><testcase classname="backend.tests.backend_test.TestConfig" name="test_root" time="0.162" /><testcase classname="backend.tests.backend_test.TestConfig" name="test_config" time="0.050" /><testcase classname="backend.tests.backend_test.TestMatch" name="test_match_returns_up_to_three" time="6.660" /><testcase classname="backend.tests.backend_test.TestMatch" name="test_match_short_description_validation" time="0.052" /><testcase classname="backend.tests.backend_test.TestTrainerDetail" name="test_get_published" time="0.050" /><testcase classname="backend.tests.backend_test.TestTrainerDetail" name="test_404_for_unknown" time="0.052" /><testcase classname="backend.tests.backend_test.TestIntrosConversions" name="test_intro_then_conversion_idempotent" time="0.158" /><testcase classname="backend.tests.backend_test.TestIntrosConversions" name="test_intro_for_unknown_trainer_404" time="0.050" /><testcase classname="backend.tests.backend_test.TestIntrosConversions" name="test_conversion_for_unknown_intro_404" time="0.052" /><testcase classname="backend.tests.backend_test.TestSubmissions" name="test_strong_evidence_auto_publishes" time="5.844" /><testcase classname="backend.tests.backend_test.TestSubmissions" name="test_weak_evidence_auto_holds" time="8.911" /><testcase classname="backend.tests.backend_test.TestSEO" name="test_nested_slug" time="0.119" /><testcase classname="backend.tests.backend_test.TestOversight" name="test_login_invalid" time="0.052" /><testcase classname="backend.tests.backend_test.TestOversight" name="test_login_valid" time="0.051" /><testcase classname="backend.tests.backend_test.TestOversight" name="test_oversight_requires_header" time="0.052" /><testcase classname="backend.tests.backend_test.TestOversight" name="test_oversight_with_header" time="0.055" /><testcase classname="backend.tests.backend_test.TestLegacyRemoved" name="test_endpoint_gone[/admin/login-POST]" time="0.051" /><testcase classname="backend.tests.backend_test.TestLegacyRemoved" name="test_endpoint_gone[/admin/trainers-GET]" time="0.054" /><testcase classname="backend.tests.backend_test.TestLegacyRemoved" name="test_endpoint_gone[/admin/leads-GET]" time="0.050" /><testcase classname="backend.tests.backend_test.TestLegacyRemoved" name="test_endpoint_gone[/admin/submissions-GET]" time="0.050" /><testcase classname="backend.tests.backend_test.TestLegacyRemoved" name="test_endpoint_gone[/admin/analytics-GET]" time="0.049" /><testcase classname="backend.tests.backend_test.TestLegacyRemoved" name="test_endpoint_gone[/admin/health-GET]" time="0.048" /><testcase classname="backend.tests.backend_test.TestLegacyRemoved" name="test_endpoint_gone[/admin/audit-log-GET]" time="0.050" /><testcase classname="backend.tests.backend_test.TestLegacyRemoved" name="test_endpoint_gone[/admin/seed-POST]" time="0.051" /><testcase classname="backend.tests.backend_test.TestLegacyRemoved" name="test_endpoint_gone[/admin/ab-tests-GET]" time="0.047" /><testcase classname="backend.tests.backend_test.TestLegacyRemoved" name="test_endpoint_gone[/admin/seo-GET]" time="0.061" /><testcase classname="backend.tests.backend_test.TestLegacyRemoved" name="test_endpoint_gone[/featured-GET]" time="0.049" /><testcase classname="backend.tests.backend_test.TestLegacyRemoved" name="test_endpoint_gone[/trainers-GET]" time="0.050" /><testcase classname="backend.tests.backend_test.TestLegacyRemoved" name="test_endpoint_gone[/leads-POST]" time="0.048" /><testcase classname="backend.tests.backend_test.TestLegacyRemoved" name="test_endpoint_gone[/suburbs-GET]" time="0.053" /><testcase classname="backend.tests.backend_test.TestLegacyRemoved" name="test_endpoint_gone[/categories-GET]" time="0.050" /><testcase classname="backend.tests.backend_test.TestLegacyRemoved" name="test_endpoint_gone[/stats/public-GET]" time="0.505" /></testsuite></testsuites>