<?xml version="1.0" encoding="utf-8"?><testsuites name="pytest tests"><testsuite name="pytest" errors="0" failures="1" skipped="0" tests="31" time="62.099" timestamp="2026-04-25T11:45:19.029947+00:00" hostname="agent-env-345bc2c6-a7d8-4437-910d-37de23bd5c28"><testcase classname="tests.backend_test.TestPublic" name="test_root" time="0.319" /><testcase classname="tests.backend_test.TestPublic" name="test_list_trainers" time="0.054" /><testcase classname="tests.backend_test.TestPublic" name="test_trainer_detail" time="0.105" /><testcase classname="tests.backend_test.TestPublic" name="test_trainer_detail_404" time="0.052" /><testcase classname="tests.backend_test.TestPublic" name="test_featured" time="0.051" /><testcase classname="tests.backend_test.TestPublic" name="test_suburbs" time="0.055" /><testcase classname="tests.backend_test.TestPublic" name="test_categories" time="0.055" /><testcase classname="tests.backend_test.TestPublic" name="test_stats" time="0.063" /><testcase classname="tests.backend_test.TestPublic" name="test_filter_only_verified" time="0.052" /><testcase classname="tests.backend_test.TestLeads" name="test_create_lead_and_persist" time="0.167" /><testcase classname="tests.backend_test.TestLeads" name="test_create_lead_invalid_trainer" time="0.056" /><testcase classname="tests.backend_test.TestLeads" name="test_create_lead_invalid_email" time="0.108" /><testcase classname="tests.backend_test.TestSubmissions" name="test_create_submission" time="4.787" /><testcase classname="tests.backend_test.TestMatch" name="test_match_returns_results" time="5.911" /><testcase classname="tests.backend_test.TestSEO" name="test_seo_autogen" time="0.053"><failure message="assert 404 == 200&#10; +  where 404 = &lt;Response [404]&gt;.status_code">tests/backend_test.py:209: in test_seo_autogen
    assert r.status_code == 200
E   assert 404 == 200
E    +  where 404 = &lt;Response [404]&gt;.status_code</failure></testcase><testcase classname="tests.backend_test.TestAdminAuth" name="test_login_invalid" time="0.051" /><testcase classname="tests.backend_test.TestAdminAuth" name="test_login_valid" time="0.053" /><testcase classname="tests.backend_test.TestAdminAuth" name="test_protected_requires_header" time="0.452" /><testcase classname="tests.backend_test.TestAdminAuth" name="test_protected_with_header" time="0.420" /><testcase classname="tests.backend_test.TestAdminOps" name="test_patch_trainer_tier_and_publish" time="0.110" /><testcase classname="tests.backend_test.TestAdminOps" name="test_verify_trainer" time="4.759" /><testcase classname="tests.backend_test.TestAdminOps" name="test_lead_patch" time="0.060" /><testcase classname="tests.backend_test.TestAdminOps" name="test_submission_approve" time="0.107" /><testcase classname="tests.backend_test.TestAdminOps" name="test_submission_reject" time="4.591" /><testcase classname="tests.backend_test.TestAdminOps" name="test_analytics" time="0.052" /><testcase classname="tests.backend_test.TestAdminOps" name="test_health" time="0.058" /><testcase classname="tests.backend_test.TestAdminOps" name="test_audit_log" time="0.054" /><testcase classname="tests.backend_test.TestAdminOps" name="test_ab_test_create" time="0.057" /><testcase classname="tests.backend_test.TestAdminOps" name="test_seo_generate" time="35.352" /><testcase classname="tests.backend_test.TestAdminOps" name="test_seed_idempotent" time="0.063" /><testcase classname="tests.backend_test.TestAdminOps" name="test_delete_trainer" time="3.696" /></testsuite></testsuites>